#
# There is insufficient memory for the Java Runtime Environment to continue.
# Native memory allocation (mmap) failed to map 134217728 bytes for Failed to commit area from 0x0000000081600000 to 0x0000000089600000 of length 134217728.
# Possible reasons:
#   The system is out of physical RAM or swap space
#   The process is running with CompressedOops enabled, and the Java Heap may be blocking the growth of the native heap
# Possible solutions:
#   Reduce memory load on the system
#   Increase physical memory or swap space
#   Check if swap backing store is full
#   Decrease Java heap size (-Xmx/-Xms)
#   Decrease number of Java threads
#   Decrease Java thread stack sizes (-Xss)
#   Set larger code cache with -XX:ReservedCodeCacheSize=
# This output file may be truncated or incomplete.
#
#  Out of Memory Error (t:/workspace/open/src/hotspot/os/windows/os_windows.cpp:3221), pid=3580, tid=8076
#
# JRE version:  (10.0.1+10) (build )
# Java VM: Java HotSpot(TM) 64-Bit Server VM (10.0.1+10, mixed mode, aot, tiered, compressed oops, g1 gc, windows-amd64)
# No core dump will be written. Minidumps are not enabled by default on client versions of Windows
#

---------------  S U M M A R Y ------------

Command Line: -ea -Didea.test.cyclic.buffer.size=1048576 -javaagent:C:\Program Files\JetBrains\IntelliJ IDEA Community Edition 2018.1.5\lib\idea_rt.jar=50990:C:\Program Files\JetBrains\IntelliJ IDEA Community Edition 2018.1.5\bin -Dfile.encoding=UTF-8 com.intellij.rt.execution.junit.JUnitStarter -ideVersion5 @w@C:\Users\joeyh\AppData\Local\Temp\idea_working_dirs_junit1.tmp @C:\Users\joeyh\AppData\Local\Temp\idea_junit1.tmp -socket50989

Host: Intel(R) Core(TM) i5-4670K CPU @ 3.40GHz, 4 cores, 7G,  Windows 10 , 64 bit Build 14393 (10.0.14393.2189)
Time: Wed Jul 04 15:39:36 2018 AUS Eastern Standard Time elapsed time: 0 seconds (0d 0h 0m 0s)

---------------  T H R E A D  ---------------

Current thread (0x000002a99e727000):  JavaThread "Unknown thread" [_thread_in_vm, id=8076, stack(0x000000e392300000,0x000000e392400000)]

Stack: [0x000000e392300000,0x000000e392400000]
Native frames: (J=compiled Java code, j=interpreted, Vv=VM code, C=native code)
V  [jvm.dll+0x5a0369]
V  [jvm.dll+0x6bcf81]
V  [jvm.dll+0x6be176]
V  [jvm.dll+0x6be803]
V  [jvm.dll+0x234998]
V  [jvm.dll+0x59dc74]
V  [jvm.dll+0x592ab5]
V  [jvm.dll+0x2f625b]
V  [jvm.dll+0x2f61c5]
V  [jvm.dll+0x2f60a2]
V  [jvm.dll+0x2f8286]
V  [jvm.dll+0x3440d3]
V  [jvm.dll+0x3447e6]
V  [jvm.dll+0x3441d3]
V  [jvm.dll+0x2c43b8]
V  [jvm.dll+0x2c5501]
V  [jvm.dll+0x69d33b]
V  [jvm.dll+0x69eb5c]
V  [jvm.dll+0x351849]
V  [jvm.dll+0x6859c2]
V  [jvm.dll+0x3ba0a3]
V  [jvm.dll+0x3bc201]
C  [java.exe+0x3531]
C  [java.exe+0xe1af]
C  [java.exe+0xe356]
C  [KERNEL32.DLL+0x8364]
C  [ntdll.dll+0x67091]


---------------  P R O C E S S  ---------------

Threads class SMR info:
_java_thread_list=0x000002a99cd72180, length=0, elements={
}

Java Threads: ( => current thread )

Other Threads:
  0x000002a99e73e000 GCTaskThread "GC Thread#0" [stack: 0x000000e392400000,0x000000e392500000] [id=14012]
  0x000002a99e740800 GCTaskThread "GC Thread#1" [stack: 0x000000e392500000,0x000000e392600000] [id=10536]
  0x000002a99e743000 GCTaskThread "GC Thread#2" [stack: 0x000000e392600000,0x000000e392700000] [id=1964]
  0x000002a99e745800 GCTaskThread "GC Thread#3" [stack: 0x000000e392700000,0x000000e392800000] [id=13756]
  0x000002a99e7b9000 ConcurrentGCThread "G1 Main Marker" [stack: 0x000000e392800000,0x000000e392900000] [id=2008]
  0x000002a99e7bc800 ConcurrentGCThread "G1 Conc#0" [stack: 0x000000e392900000,0x000000e392a00000] [id=1992]

[error occurred during error reporting (printing all threads), id 0xe0000002]

VM state:not at safepoint (not fully initialized)

VM Mutex/Monitor currently owned by a thread:  ([mutex/lock_event])
[0x000002a99e7257a0] Heap_lock - owner thread: 0x000002a99e727000

Heap address: 0x0000000081600000, size: 2026 MB, Compressed Oops mode: Non-zero based: 0x0000000081600000
Narrow klass base: 0x0000000000000000, Narrow klass shift: 0

GC Heap History (0 events):
No events

Deoptimization events (0 events):
No events

Classes redefined (0 events):
No events

Internal exceptions (0 events):
No events

Events (0 events):
No events


Dynamic libraries:
0x00007ff720cf0000 - 0x00007ff720d2e000 	C:\Program Files\Java\jdk-10.0.1\bin\java.exe
0x00007ffcdf500000 - 0x00007ffcdf6d2000 	C:\WINDOWS\SYSTEM32\ntdll.dll
0x00007ffcdcf70000 - 0x00007ffcdd01c000 	C:\WINDOWS\System32\KERNEL32.DLL
0x00007ffcdc430000 - 0x00007ffcdc64d000 	C:\WINDOWS\System32\KERNELBASE.dll
0x00007ffcdf1f0000 - 0x00007ffcdf292000 	C:\WINDOWS\System32\ADVAPI32.dll
0x00007ffcdf340000 - 0x00007ffcdf3de000 	C:\WINDOWS\System32\msvcrt.dll
0x00007ffcdccc0000 - 0x00007ffcdcd19000 	C:\WINDOWS\System32\sechost.dll
0x00007ffcdca90000 - 0x00007ffcdcbb1000 	C:\WINDOWS\System32\RPCRT4.dll
0x00007ffcdd450000 - 0x00007ffcdd5b5000 	C:\WINDOWS\System32\USER32.dll
0x00007ffcdc2f0000 - 0x00007ffcdc30e000 	C:\WINDOWS\System32\win32u.dll
0x00007ffcdf2a0000 - 0x00007ffcdf2d4000 	C:\WINDOWS\System32\GDI32.dll
0x00007ffcdc6a0000 - 0x00007ffcdc820000 	C:\WINDOWS\System32\gdi32full.dll
0x00007ffcd64d0000 - 0x00007ffcd674a000 	C:\WINDOWS\WinSxS\amd64_microsoft.windows.common-controls_6595b64144ccf1df_6.0.14393.953_none_42151e83c686086b\COMCTL32.dll
0x00007ffcdec40000 - 0x00007ffcdef08000 	C:\WINDOWS\System32\combase.dll
0x00007ffcdc0e0000 - 0x00007ffcdc1d5000 	C:\WINDOWS\System32\ucrtbase.dll
0x00007ffcdc3c0000 - 0x00007ffcdc42a000 	C:\WINDOWS\System32\bcryptPrimitives.dll
0x00007ffcd7300000 - 0x00007ffcd730a000 	C:\WINDOWS\SYSTEM32\VERSION.dll
0x00007ffcdcf40000 - 0x00007ffcdcf6e000 	C:\WINDOWS\System32\IMM32.DLL
0x00007ffcd0aa0000 - 0x00007ffcd0b8f000 	C:\Program Files\Java\jdk-10.0.1\bin\msvcr120.dll
0x00007ffcc5670000 - 0x00007ffcc5716000 	C:\Program Files\Java\jdk-10.0.1\bin\msvcp120.dll
0x0000000072200000 - 0x0000000072c70000 	C:\Program Files\Java\jdk-10.0.1\bin\server\jvm.dll
0x00007ffcdf030000 - 0x00007ffcdf038000 	C:\WINDOWS\System32\PSAPI.DLL
0x00007ffcd9d90000 - 0x00007ffcd9db3000 	C:\WINDOWS\SYSTEM32\WINMM.dll
0x00007ffcd8a80000 - 0x00007ffcd8a89000 	C:\WINDOWS\SYSTEM32\WSOCK32.dll
0x00007ffcd9d30000 - 0x00007ffcd9d5b000 	C:\WINDOWS\SYSTEM32\WINMMBASE.dll
0x00007ffcdc650000 - 0x00007ffcdc692000 	C:\WINDOWS\System32\cfgmgr32.dll
0x00007ffcdefb0000 - 0x00007ffcdf01a000 	C:\WINDOWS\System32\WS2_32.dll
0x00007ffcd9ec0000 - 0x00007ffcd9ecf000 	C:\Program Files\Java\jdk-10.0.1\bin\verify.dll
0x00007ffcce1b0000 - 0x00007ffcce342000 	C:\WINDOWS\SYSTEM32\DBGHELP.DLL
0x00007ffcce0a0000 - 0x00007ffcce0c9000 	C:\WINDOWS\SYSTEM32\dbgcore.DLL
0x00007ffcd8b00000 - 0x00007ffcd8b27000 	C:\Program Files\Java\jdk-10.0.1\bin\java.dll
0x00007ffcd0a70000 - 0x00007ffcd0a9a000 	C:\Program Files\Java\jdk-10.0.1\bin\instrument.dll
0x00007ffcd5a30000 - 0x00007ffcd5a46000 	C:\Program Files\Java\jdk-10.0.1\bin\zip.dll
0x00007ffcd9eb0000 - 0x00007ffcd9eba000 	C:\Program Files\Java\jdk-10.0.1\bin\jimage.dll

dbghelp: loaded successfully - version: 4.0.5 - missing functions: none
symbol engine: initialized successfully - sym options: 0x614 - pdb path: .;C:\Program Files\Java\jdk-10.0.1\bin;C:\WINDOWS\SYSTEM32;C:\WINDOWS\WinSxS\amd64_microsoft.windows.common-controls_6595b64144ccf1df_6.0.14393.953_none_42151e83c686086b;C:\Program Files\Java\jdk-10.0.1\bin\server

VM Arguments:
jvm_args: -ea -Didea.test.cyclic.buffer.size=1048576 -javaagent:C:\Program Files\JetBrains\IntelliJ IDEA Community Edition 2018.1.5\lib\idea_rt.jar=50990:C:\Program Files\JetBrains\IntelliJ IDEA Community Edition 2018.1.5\bin -Dfile.encoding=UTF-8 
java_command: com.intellij.rt.execution.junit.JUnitStarter -ideVersion5 @w@C:\Users\joeyh\AppData\Local\Temp\idea_working_dirs_junit1.tmp @C:\Users\joeyh\AppData\Local\Temp\idea_junit1.tmp -socket50989
java_class_path (initial): C:\Program Files\JetBrains\IntelliJ IDEA Community Edition 2018.1.5\lib\idea_rt.jar;C:\Program Files\JetBrains\IntelliJ IDEA Community Edition 2018.1.5\plugins\junit\lib\junit-rt.jar;C:\Program Files\JetBrains\IntelliJ IDEA Community Edition 2018.1.5\plugins\junit\lib\junit5-rt.jar;C:\projects\twu-biblioteca-jhotz\out\test\biblioteca;C:\projects\twu-biblioteca-jhotz\out\production\biblioteca;C:\projects\twu-biblioteca-jhotz\lib\junit-4.11.jar
Launcher Type: SUN_STANDARD

Logging:
Log output configuration:
#0: stdout all=warning uptime,level,tags
#1: stderr all=off uptime,level,tags

Environment Variables:
PATH=C:\Program Files (x86)\Common Files\Oracle\Java\javapath;C:\ProgramData\Oracle\Java\javapath;C:\Program Files\Oculus\Support\oculus-runtime;C:\WINDOWS\system32;C:\WINDOWS;C:\WINDOWS\System32\Wbem;C:\WINDOWS\System32\WindowsPowerShell\v1.0\;C:\Program Files (x86)\NVIDIA Corporation\PhysX\Common;C:\Program Files\nodejs\;C:\Program Files\Microsoft SQL Server\130\Tools\Binn\;C:\Program Files\Git\cmd;C:\Users\joeyh\AppData\Local\Microsoft\WindowsApps;C:\Users\joeyh\AppData\Local\atom\bin;C:\Users\joeyh\AppData\Roaming\npm
USERNAME=joeyh
OS=Windows_NT
PROCESSOR_IDENTIFIER=Intel64 Family 6 Model 60 Stepping 3, GenuineIntel



---------------  S Y S T E M  ---------------

OS: Windows 10 , 64 bit Build 14393 (10.0.14393.2189)

CPU:total 4 (initial active 4) (4 cores per cpu, 1 threads per core) family 6 model 60 stepping 3, cmov, cx8, fxsr, mmx, sse, sse2, sse3, ssse3, sse4.1, sse4.2, popcnt, avx, avx2, aes, clmul, erms, lzcnt, tsc, tscinvbit, bmi1, bmi2, fma

Memory: 4k page, physical 8292832k(2928976k free), swap 9488964k(103916k free)

vm_info: Java HotSpot(TM) 64-Bit Server VM (10.0.1+10) for windows-amd64 JRE (10.0.1+10), built on Mar 27 2018 02:27:48 by "mach5one" with MS VC++ 12.0 (VS2013)

END.
